07/17 09:27:43-root-INFO - cycle_线程运行
07/17 09:27:43-root-INFO - mq_线程运行
07/17 09:27:43-pika.adapters.blocking_connection-INFO - Created channel=1
07/17 09:27:43-root-INFO - [*] 正在等待消息队列数据
07/17 09:28:48-root-INFO - cycle_线程运行
07/17 09:28:48-root-INFO - mq_线程运行
07/17 09:28:48-pika.adapters.blocking_connection-INFO - Created channel=1
07/17 09:28:48-root-INFO - [*] 正在等待消息队列数据
07/17 09:28:53-root-INFO - ('cycle_找到了', 235, '张照片')
07/17 09:29:17-root-INFO - ('cycle_undetected_files:', ['20230622090251.jpg', '20230622090309.jpg', '20230622090321.jpg', '20230622090332.jpg', '20230622090343.jpg', '20230622090354.jpg', '20230622090405.jpg', '20230622090416.jpg', '20230622090427.jpg', '20230622090438.jpg', '20230622090449.jpg', '20230622090500.jpg', '20230622090511.jpg', '20230622090522.jpg', '20230622090533.jpg', '20230622090544.jpg', '20230622090555.jpg', '20230622090606.jpg', '20230622090617.jpg', '20230622090628.jpg', '20230622090650.jpg', '20230622090701.jpg', '20230622090712.jpg', '20230622090723.jpg', '20230622090745.jpg', '20230622090756.jpg', '20230622090807.jpg', '20230622090818.jpg', '20230622090829.jpg', '20230622090840.jpg', '20230622090851.jpg', '20230622090903.jpg', '20230622090913.jpg', '20230622090925.jpg', '20230622090935.jpg', '20230622090948.jpg', '20230622090959.jpg', '20230622091010.jpg', '20230622091021.jpg', '20230622091032.jpg', '20230622091043.jpg', '20230622091054.jpg', '20230622091105.jpg', '20230622091116.jpg', '20230622091127.jpg', '20230622091138.jpg', '20230622091149.jpg', '20230622091212.jpg', '20230622091223.jpg', '20230622091234.jpg', '20230622091245.jpg', '20230622091256.jpg', '20230622091308.jpg', '20230622091319.jpg', '20230622091330.jpg', '20230622091341.jpg', '20230622091352.jpg', '20230622091403.jpg', '20230622091415.jpg', '20230622091426.jpg', '20230622091437.jpg', '20230622091448.jpg', '20230622091459.jpg', '20230622091510.jpg', '20230622091522.jpg', '20230622091532.jpg', '20230622091543.jpg', '20230622091606.jpg', '20230622091617.jpg', '20230622091628.jpg', '20230622091639.jpg', '20230622091650.jpg', '20230622091701.jpg', '20230622091713.jpg', '20230622091723.jpg', '20230622091734.jpg', '20230622091746.jpg', '20230622091757.jpg', '20230622091808.jpg', '20230622091819.jpg', '20230622091830.jpg', '20230622091841.jpg', '20230622091852.jpg', '20230622091903.jpg', '20230622091914.jpg', '20230622091925.jpg', '20230622091936.jpg', '20230622091947.jpg', '20230622091958.jpg', '20230622092009.jpg', '20230622092020.jpg', '20230622092031.jpg', '20230622092042.jpg', '20230622092053.jpg', '20230622092104.jpg', '20230622092126.jpg', '20230622092137.jpg', '20230622092148.jpg', '20230622092200.jpg', '20230622092211.jpg', '20230622092222.jpg', '20230622092234.jpg', '20230622092245.jpg', '20230622092307.jpg', '20230622092318.jpg', '20230622092329.jpg', '20230622092340.jpg', '20230622092351.jpg', '20230622092402.jpg', '20230622092414.jpg', '20230622092425.jpg', '20230622092435.jpg', '20230622092447.jpg', '20230622092458.jpg', '20230622092508.jpg', '20230622092519.jpg', '20230622092531.jpg', '20230622092542.jpg', '20230622092553.jpg', '20230622092604.jpg', '20230622092615.jpg', '20230622092626.jpg', '20230622092637.jpg', '20230622092648.jpg', '20230622092700.jpg', '20230622092711.jpg', '20230622092722.jpg', '20230622092733.jpg', '20230622092755.jpg', '20230622092806.jpg', '20230622092817.jpg', '20230622092828.jpg', '20230622092839.jpg', '20230622092850.jpg', '20230622092901.jpg', '20230622092912.jpg', '20230622092923.jpg', '20230622092934.jpg', '20230622092946.jpg', '20230622092957.jpg', '20230622093008.jpg', '20230622093020.jpg', '20230622093031.jpg', '20230622093042.jpg', '20230622093054.jpg', '20230622093104.jpg', '20230622093137.jpg', '20230622093149.jpg', '20230622093200.jpg', '20230622093211.jpg', '20230622093222.jpg', '20230622093234.jpg', '20230622093246.jpg', '20230622093257.jpg', '20230622093308.jpg', '20230622093319.jpg', '20230622093330.jpg', '20230622093342.jpg', '20230622093353.jpg', '20230622093404.jpg', '20230622093415.jpg', '20230622093426.jpg', '20230622093437.jpg', '20230622093448.jpg', '20230622093459.jpg', '20230622093510.jpg', '20230622093521.jpg', '20230622093532.jpg', '20230622093543.jpg', '20230622093554.jpg', '20230622093605.jpg', '20230622093616.jpg', '20230622093627.jpg', '20230622093638.jpg', '20230622093649.jpg', '20230622093700.jpg', '20230622093711.jpg', '20230622093722.jpg', '20230622093734.jpg', '20230622093745.jpg', '20230622093756.jpg', '20230622093807.jpg', '20230622093819.jpg', '20230622093830.jpg', '20230622093842.jpg', '20230622093853.jpg', '20230622093904.jpg', '20230622093915.jpg', '20230622093926.jpg', '20230622093937.jpg', '20230622093949.jpg', '20230622094000.jpg', '20230622094011.jpg', '20230622094022.jpg', '20230622094033.jpg', '20230622094044.jpg', '20230622094055.jpg', '20230622094106.jpg', '20230622094128.jpg', '20230622094139.jpg', '20230622094150.jpg', '20230622094201.jpg', '20230622094212.jpg', '20230622094223.jpg', '20230622094235.jpg', '20230622094258.jpg', '20230622094309.jpg', '20230622094320.jpg', '20230622094331.jpg', '20230622094342.jpg', '20230622094353.jpg', '20230622094404.jpg', '20230622094415.jpg', '20230622094427.jpg', '20230622094437.jpg', '20230622094448.jpg', '20230622094459.jpg', '20230622094511.jpg', '20230622094522.jpg', '20230622094533.jpg', '20230622094544.jpg', '20230622094555.jpg', '20230622094607.jpg', '20230622094618.jpg'], 'detected_files:', [['20230622090639.jpg', [{'xyxy': '[1.9054, 5.1253, 646.3706, 289.2327]', 'confid': '0.8137'}]], ['20230622090734.jpg', [{'xyxy': '[5.3326, 116.2859, 102.4395, 170.5357]', 'confid': '0.615'}]], ['20230622091201.jpg', [{'xyxy': '[67.2303, 75.1231, 114.0847, 103.5719]', 'confid': '0.525'}]], ['20230622091555.jpg', [{'xyxy': '[128.5768, 13.7888, 156.1527, 38.5554]', 'confid': '0.5384'}, {'xyxy': '[128.5768, 13.7888, 156.1527, 38.5554]', 'confid': '0.5384'}]], ['20230622092115.jpg', [{'xyxy': '[-2.8292, -5.4915, 285.9586, 374.4827]', 'confid': '0.8813'}]], ['20230622092256.jpg', [{'xyxy': '[30.839, 102.956, 222.1343, 149.9493]', 'confid': '0.8183'}, {'xyxy': '[30.839, 102.956, 222.1343, 149.9493]', 'confid': '0.8183'}]], ['20230622092744.jpg', [{'xyxy': '[-0.663, 30.2879, 72.0443, 70.4752]', 'confid': '0.5968'}]], ['20230622093115.jpg', [{'xyxy': '[595.889, -0.7639, 640.858, 77.0595]', 'confid': '0.7218'}, {'xyxy': '[595.889, -0.7639, 640.858, 77.0595]', 'confid': '0.7218'}, {'xyxy': '[595.889, -0.7639, 640.858, 77.0595]', 'confid': '0.7218'}]], ['20230622093127.jpg', [{'xyxy': '[535.6733, 10.9753, 593.7361, 44.4689]', 'confid': '0.5292'}]], ['20230622094117.jpg', [{'xyxy': '[-0.7819, -4.0524, 199.6307, 137.2124]', 'confid': '0.6866'}]], ['20230622094247.jpg', [{'xyxy': '[2.525, 168.7122, 82.1223, 372.3082]', 'confid': '0.632'}]]])
07/17 09:29:17-root-INFO - 数据已成功写入数据库
07/17 09:29:17-root-INFO - ('cycle_在', 235, '张照片中识别到了：', 11, '张疑似非农化照片')
07/17 09:29:17-root-INFO - ('cycle_休眠,现在时间', 9, '时')
07/17 09:29:17-root-INFO - cycle_线程休眠
07/17 09:30:17-root-INFO - cycle_线程运行
07/17 09:30:22-root-INFO - ('cycle_找到了', 235, '张照片')
07/17 09:30:42-root-INFO - ('cycle_undetected_files:', ['20230622090251.jpg', '20230622090309.jpg', '20230622090321.jpg', '20230622090332.jpg', '20230622090343.jpg', '20230622090354.jpg', '20230622090405.jpg', '20230622090416.jpg', '20230622090427.jpg', '20230622090438.jpg', '20230622090449.jpg', '20230622090500.jpg', '20230622090511.jpg', '20230622090522.jpg', '20230622090533.jpg', '20230622090544.jpg', '20230622090555.jpg', '20230622090606.jpg', '20230622090617.jpg', '20230622090628.jpg', '20230622090650.jpg', '20230622090701.jpg', '20230622090712.jpg', '20230622090723.jpg', '20230622090745.jpg', '20230622090756.jpg', '20230622090807.jpg', '20230622090818.jpg', '20230622090829.jpg', '20230622090840.jpg', '20230622090851.jpg', '20230622090903.jpg', '20230622090913.jpg', '20230622090925.jpg', '20230622090935.jpg', '20230622090948.jpg', '20230622090959.jpg', '20230622091010.jpg', '20230622091021.jpg', '20230622091032.jpg', '20230622091043.jpg', '20230622091054.jpg', '20230622091105.jpg', '20230622091116.jpg', '20230622091127.jpg', '20230622091138.jpg', '20230622091149.jpg', '20230622091212.jpg', '20230622091223.jpg', '20230622091234.jpg', '20230622091245.jpg', '20230622091256.jpg', '20230622091308.jpg', '20230622091319.jpg', '20230622091330.jpg', '20230622091341.jpg', '20230622091352.jpg', '20230622091403.jpg', '20230622091415.jpg', '20230622091426.jpg', '20230622091437.jpg', '20230622091448.jpg', '20230622091459.jpg', '20230622091510.jpg', '20230622091522.jpg', '20230622091532.jpg', '20230622091543.jpg', '20230622091606.jpg', '20230622091617.jpg', '20230622091628.jpg', '20230622091639.jpg', '20230622091650.jpg', '20230622091701.jpg', '20230622091713.jpg', '20230622091723.jpg', '20230622091734.jpg', '20230622091746.jpg', '20230622091757.jpg', '20230622091808.jpg', '20230622091819.jpg', '20230622091830.jpg', '20230622091841.jpg', '20230622091852.jpg', '20230622091903.jpg', '20230622091914.jpg', '20230622091925.jpg', '20230622091936.jpg', '20230622091947.jpg', '20230622091958.jpg', '20230622092009.jpg', '20230622092020.jpg', '20230622092031.jpg', '20230622092042.jpg', '20230622092053.jpg', '20230622092104.jpg', '20230622092126.jpg', '20230622092137.jpg', '20230622092148.jpg', '20230622092200.jpg', '20230622092211.jpg', '20230622092222.jpg', '20230622092234.jpg', '20230622092245.jpg', '20230622092307.jpg', '20230622092318.jpg', '20230622092329.jpg', '20230622092340.jpg', '20230622092351.jpg', '20230622092402.jpg', '20230622092414.jpg', '20230622092425.jpg', '20230622092435.jpg', '20230622092447.jpg', '20230622092458.jpg', '20230622092508.jpg', '20230622092519.jpg', '20230622092531.jpg', '20230622092542.jpg', '20230622092553.jpg', '20230622092604.jpg', '20230622092615.jpg', '20230622092626.jpg', '20230622092637.jpg', '20230622092648.jpg', '20230622092700.jpg', '20230622092711.jpg', '20230622092722.jpg', '20230622092733.jpg', '20230622092755.jpg', '20230622092806.jpg', '20230622092817.jpg', '20230622092828.jpg', '20230622092839.jpg', '20230622092850.jpg', '20230622092901.jpg', '20230622092912.jpg', '20230622092923.jpg', '20230622092934.jpg', '20230622092946.jpg', '20230622092957.jpg', '20230622093008.jpg', '20230622093020.jpg', '20230622093031.jpg', '20230622093042.jpg', '20230622093054.jpg', '20230622093104.jpg', '20230622093137.jpg', '20230622093149.jpg', '20230622093200.jpg', '20230622093211.jpg', '20230622093222.jpg', '20230622093234.jpg', '20230622093246.jpg', '20230622093257.jpg', '20230622093308.jpg', '20230622093319.jpg', '20230622093330.jpg', '20230622093342.jpg', '20230622093353.jpg', '20230622093404.jpg', '20230622093415.jpg', '20230622093426.jpg', '20230622093437.jpg', '20230622093448.jpg', '20230622093459.jpg', '20230622093510.jpg', '20230622093521.jpg', '20230622093532.jpg', '20230622093543.jpg', '20230622093554.jpg', '20230622093605.jpg', '20230622093616.jpg', '20230622093627.jpg', '20230622093638.jpg', '20230622093649.jpg', '20230622093700.jpg', '20230622093711.jpg', '20230622093722.jpg', '20230622093734.jpg', '20230622093745.jpg', '20230622093756.jpg', '20230622093807.jpg', '20230622093819.jpg', '20230622093830.jpg', '20230622093842.jpg', '20230622093853.jpg', '20230622093904.jpg', '20230622093915.jpg', '20230622093926.jpg', '20230622093937.jpg', '20230622093949.jpg', '20230622094000.jpg', '20230622094011.jpg', '20230622094022.jpg', '20230622094033.jpg', '20230622094044.jpg', '20230622094055.jpg', '20230622094106.jpg', '20230622094128.jpg', '20230622094139.jpg', '20230622094150.jpg', '20230622094201.jpg', '20230622094212.jpg', '20230622094223.jpg', '20230622094235.jpg', '20230622094258.jpg', '20230622094309.jpg', '20230622094320.jpg', '20230622094331.jpg', '20230622094342.jpg', '20230622094353.jpg', '20230622094404.jpg', '20230622094415.jpg', '20230622094427.jpg', '20230622094437.jpg', '20230622094448.jpg', '20230622094459.jpg', '20230622094511.jpg', '20230622094522.jpg', '20230622094533.jpg', '20230622094544.jpg', '20230622094555.jpg', '20230622094607.jpg', '20230622094618.jpg'], 'detected_files:', [['20230622090639.jpg', [{'xyxy': '[1.9054, 5.1253, 646.3706, 289.2327]', 'confid': '0.8137'}]], ['20230622090734.jpg', [{'xyxy': '[5.3326, 116.2859, 102.4395, 170.5357]', 'confid': '0.615'}]], ['20230622091201.jpg', [{'xyxy': '[67.2303, 75.1231, 114.0847, 103.5719]', 'confid': '0.525'}]], ['20230622091555.jpg', [{'xyxy': '[128.5768, 13.7888, 156.1527, 38.5554]', 'confid': '0.5384'}, {'xyxy': '[128.5768, 13.7888, 156.1527, 38.5554]', 'confid': '0.5384'}]], ['20230622092115.jpg', [{'xyxy': '[-2.8292, -5.4915, 285.9586, 374.4827]', 'confid': '0.8813'}]], ['20230622092256.jpg', [{'xyxy': '[30.839, 102.956, 222.1343, 149.9493]', 'confid': '0.8183'}, {'xyxy': '[30.839, 102.956, 222.1343, 149.9493]', 'confid': '0.8183'}]], ['20230622092744.jpg', [{'xyxy': '[-0.663, 30.2879, 72.0443, 70.4752]', 'confid': '0.5968'}]], ['20230622093115.jpg', [{'xyxy': '[595.889, -0.7639, 640.858, 77.0595]', 'confid': '0.7218'}, {'xyxy': '[595.889, -0.7639, 640.858, 77.0595]', 'confid': '0.7218'}, {'xyxy': '[595.889, -0.7639, 640.858, 77.0595]', 'confid': '0.7218'}]], ['20230622093127.jpg', [{'xyxy': '[535.6733, 10.9753, 593.7361, 44.4689]', 'confid': '0.5292'}]], ['20230622094117.jpg', [{'xyxy': '[-0.7819, -4.0524, 199.6307, 137.2124]', 'confid': '0.6866'}]], ['20230622094247.jpg', [{'xyxy': '[2.525, 168.7122, 82.1223, 372.3082]', 'confid': '0.632'}]]])
07/17 09:30:42-root-INFO - 数据已成功写入数据库
07/17 09:30:42-root-INFO - ('cycle_在', 235, '张照片中识别到了：', 11, '张疑似非农化照片')
07/17 09:30:42-root-INFO - ('cycle_休眠,现在时间', 9, '时')
07/17 09:30:42-root-INFO - cycle_线程休眠
07/17 09:31:01-root-INFO - [^]消息队列收到消息
07/17 09:31:01-root-INFO - mq_接收到132482张图片
07/17 09:31:01-pika.channel-INFO - Closing channel (0): 'Normal shutdown' on <Channel number=1 OPEN conn=<SelectConnection OPEN transport=<pika.adapters.utils.io_services_utils._AsyncPlaintextTransport object at 0x0000023086A4AA30> params=<ConnectionParameters host=127.0.0.1 port=5672 virtual_host=/ ssl=False>>>
07/17 09:31:01-pika.channel-INFO - Received <Channel.CloseOk> on <Channel number=1 CLOSING conn=<SelectConnection OPEN transport=<pika.adapters.utils.io_services_utils._AsyncPlaintextTransport object at 0x0000023086A4AA30> params=<ConnectionParameters host=127.0.0.1 port=5672 virtual_host=/ ssl=False>>>
07/17 09:31:02-root-INFO - mq_在2张照片中识别到1张疑似非农化照片
07/17 09:31:02-root-INFO - 数据已成功写入数据库
07/17 09:31:02-root-INFO - mq_线程休眠
07/17 09:31:03-root-INFO - mq_线程运行
07/17 09:31:03-pika.adapters.blocking_connection-INFO - Created channel=1
07/17 09:31:03-root-INFO - [*] 正在等待消息队列数据
07/17 09:37:11-root-INFO - cycle_线程运行
07/17 09:37:11-root-INFO - mq_线程运行
07/17 09:37:11-pika.adapters.blocking_connection-INFO - Created channel=1
07/17 09:37:11-root-INFO - [*] 正在等待消息队列数据
07/17 09:38:19-root-INFO - cycle_线程运行
07/17 09:38:19-root-INFO - mq_线程运行
07/17 09:38:19-pika.adapters.blocking_connection-INFO - Created channel=1
07/17 09:38:19-root-INFO - [*] 正在等待消息队列数据
07/17 09:38:24-root-INFO - cycle_找到了235张照片
07/17 09:40:11-root-INFO - cycle_线程运行
07/17 09:40:11-root-INFO - mq_线程运行
07/17 09:40:11-pika.adapters.blocking_connection-INFO - Created channel=1
07/17 09:40:11-root-INFO - [*] 正在等待消息队列数据
07/17 09:40:16-root-INFO - cycle_找到了235张照片
07/17 09:42:39-root-INFO - cycle_线程运行
07/17 09:42:39-root-INFO - mq_线程运行
07/17 09:42:39-pika.adapters.blocking_connection-INFO - Created channel=1
07/17 09:42:39-root-INFO - [*] 正在等待消息队列数据
07/17 09:42:44-root-INFO - cycle_找到了235张照片
07/17 09:43:08-root-INFO - cycle_undetected_files:['20230622090251.jpg', '20230622090309.jpg', '20230622090321.jpg', '20230622090332.jpg', '20230622090343.jpg', '20230622090354.jpg', '20230622090405.jpg', '20230622090416.jpg', '20230622090427.jpg', '20230622090438.jpg', '20230622090449.jpg', '20230622090500.jpg', '20230622090511.jpg', '20230622090522.jpg', '20230622090533.jpg', '20230622090544.jpg', '20230622090555.jpg', '20230622090606.jpg', '20230622090617.jpg', '20230622090628.jpg', '20230622090650.jpg', '20230622090701.jpg', '20230622090712.jpg', '20230622090723.jpg', '20230622090745.jpg', '20230622090756.jpg', '20230622090807.jpg', '20230622090818.jpg', '20230622090829.jpg', '20230622090840.jpg', '20230622090851.jpg', '20230622090903.jpg', '20230622090913.jpg', '20230622090925.jpg', '20230622090935.jpg', '20230622090948.jpg', '20230622090959.jpg', '20230622091010.jpg', '20230622091021.jpg', '20230622091032.jpg', '20230622091043.jpg', '20230622091054.jpg', '20230622091105.jpg', '20230622091116.jpg', '20230622091127.jpg', '20230622091138.jpg', '20230622091149.jpg', '20230622091212.jpg', '20230622091223.jpg', '20230622091234.jpg', '20230622091245.jpg', '20230622091256.jpg', '20230622091308.jpg', '20230622091319.jpg', '20230622091330.jpg', '20230622091341.jpg', '20230622091352.jpg', '20230622091403.jpg', '20230622091415.jpg', '20230622091426.jpg', '20230622091437.jpg', '20230622091448.jpg', '20230622091459.jpg', '20230622091510.jpg', '20230622091522.jpg', '20230622091532.jpg', '20230622091543.jpg', '20230622091606.jpg', '20230622091617.jpg', '20230622091628.jpg', '20230622091639.jpg', '20230622091650.jpg', '20230622091701.jpg', '20230622091713.jpg', '20230622091723.jpg', '20230622091734.jpg', '20230622091746.jpg', '20230622091757.jpg', '20230622091808.jpg', '20230622091819.jpg', '20230622091830.jpg', '20230622091841.jpg', '20230622091852.jpg', '20230622091903.jpg', '20230622091914.jpg', '20230622091925.jpg', '20230622091936.jpg', '20230622091947.jpg', '20230622091958.jpg', '20230622092009.jpg', '20230622092020.jpg', '20230622092031.jpg', '20230622092042.jpg', '20230622092053.jpg', '20230622092104.jpg', '20230622092126.jpg', '20230622092137.jpg', '20230622092148.jpg', '20230622092200.jpg', '20230622092211.jpg', '20230622092222.jpg', '20230622092234.jpg', '20230622092245.jpg', '20230622092307.jpg', '20230622092318.jpg', '20230622092329.jpg', '20230622092340.jpg', '20230622092351.jpg', '20230622092402.jpg', '20230622092414.jpg', '20230622092425.jpg', '20230622092435.jpg', '20230622092447.jpg', '20230622092458.jpg', '20230622092508.jpg', '20230622092519.jpg', '20230622092531.jpg', '20230622092542.jpg', '20230622092553.jpg', '20230622092604.jpg', '20230622092615.jpg', '20230622092626.jpg', '20230622092637.jpg', '20230622092648.jpg', '20230622092700.jpg', '20230622092711.jpg', '20230622092722.jpg', '20230622092733.jpg', '20230622092755.jpg', '20230622092806.jpg', '20230622092817.jpg', '20230622092828.jpg', '20230622092839.jpg', '20230622092850.jpg', '20230622092901.jpg', '20230622092912.jpg', '20230622092923.jpg', '20230622092934.jpg', '20230622092946.jpg', '20230622092957.jpg', '20230622093008.jpg', '20230622093020.jpg', '20230622093031.jpg', '20230622093042.jpg', '20230622093054.jpg', '20230622093104.jpg', '20230622093137.jpg', '20230622093149.jpg', '20230622093200.jpg', '20230622093211.jpg', '20230622093222.jpg', '20230622093234.jpg', '20230622093246.jpg', '20230622093257.jpg', '20230622093308.jpg', '20230622093319.jpg', '20230622093330.jpg', '20230622093342.jpg', '20230622093353.jpg', '20230622093404.jpg', '20230622093415.jpg', '20230622093426.jpg', '20230622093437.jpg', '20230622093448.jpg', '20230622093459.jpg', '20230622093510.jpg', '20230622093521.jpg', '20230622093532.jpg', '20230622093543.jpg', '20230622093554.jpg', '20230622093605.jpg', '20230622093616.jpg', '20230622093627.jpg', '20230622093638.jpg', '20230622093649.jpg', '20230622093700.jpg', '20230622093711.jpg', '20230622093722.jpg', '20230622093734.jpg', '20230622093745.jpg', '20230622093756.jpg', '20230622093807.jpg', '20230622093819.jpg', '20230622093830.jpg', '20230622093842.jpg', '20230622093853.jpg', '20230622093904.jpg', '20230622093915.jpg', '20230622093926.jpg', '20230622093937.jpg', '20230622093949.jpg', '20230622094000.jpg', '20230622094011.jpg', '20230622094022.jpg', '20230622094033.jpg', '20230622094044.jpg', '20230622094055.jpg', '20230622094106.jpg', '20230622094128.jpg', '20230622094139.jpg', '20230622094150.jpg', '20230622094201.jpg', '20230622094212.jpg', '20230622094223.jpg', '20230622094235.jpg', '20230622094258.jpg', '20230622094309.jpg', '20230622094320.jpg', '20230622094331.jpg', '20230622094342.jpg', '20230622094353.jpg', '20230622094404.jpg', '20230622094415.jpg', '20230622094427.jpg', '20230622094437.jpg', '20230622094448.jpg', '20230622094459.jpg', '20230622094511.jpg', '20230622094522.jpg', '20230622094533.jpg', '20230622094544.jpg', '20230622094555.jpg', '20230622094607.jpg', '20230622094618.jpg']detected_files:[['20230622090639.jpg', [{'xyxy': '[1.9054, 5.1253, 646.3706, 289.2327]', 'confid': '0.8137'}]], ['20230622090734.jpg', [{'xyxy': '[5.3326, 116.2859, 102.4395, 170.5357]', 'confid': '0.615'}]], ['20230622091201.jpg', [{'xyxy': '[67.2303, 75.1231, 114.0847, 103.5719]', 'confid': '0.525'}]], ['20230622091555.jpg', [{'xyxy': '[128.5768, 13.7888, 156.1527, 38.5554]', 'confid': '0.5384'}, {'xyxy': '[128.5768, 13.7888, 156.1527, 38.5554]', 'confid': '0.5384'}]], ['20230622092115.jpg', [{'xyxy': '[-2.8292, -5.4915, 285.9586, 374.4827]', 'confid': '0.8813'}]], ['20230622092256.jpg', [{'xyxy': '[30.839, 102.956, 222.1343, 149.9493]', 'confid': '0.8183'}, {'xyxy': '[30.839, 102.956, 222.1343, 149.9493]', 'confid': '0.8183'}]], ['20230622092744.jpg', [{'xyxy': '[-0.663, 30.2879, 72.0443, 70.4752]', 'confid': '0.5968'}]], ['20230622093115.jpg', [{'xyxy': '[595.889, -0.7639, 640.858, 77.0595]', 'confid': '0.7218'}, {'xyxy': '[595.889, -0.7639, 640.858, 77.0595]', 'confid': '0.7218'}, {'xyxy': '[595.889, -0.7639, 640.858, 77.0595]', 'confid': '0.7218'}]], ['20230622093127.jpg', [{'xyxy': '[535.6733, 10.9753, 593.7361, 44.4689]', 'confid': '0.5292'}]], ['20230622094117.jpg', [{'xyxy': '[-0.7819, -4.0524, 199.6307, 137.2124]', 'confid': '0.6866'}]], ['20230622094247.jpg', [{'xyxy': '[2.525, 168.7122, 82.1223, 372.3082]', 'confid': '0.632'}]]]
07/17 09:43:08-root-INFO - 数据已成功写入数据库
07/17 09:43:08-root-INFO - cycle_在235张照片中识别到了：11张疑似非农化照片
07/17 09:43:08-root-INFO - cycle_休眠,现在时间9时
07/17 09:43:08-root-INFO - cycle_线程休眠
07/17 09:43:24-root-INFO - [^]消息队列收到消息
07/17 09:43:24-root-INFO - mq_接收到2张图片
07/17 09:43:24-pika.channel-INFO - Closing channel (0): 'Normal shutdown' on <Channel number=1 OPEN conn=<SelectConnection OPEN transport=<pika.adapters.utils.io_services_utils._AsyncPlaintextTransport object at 0x000001166406C9D0> params=<ConnectionParameters host=127.0.0.1 port=5672 virtual_host=/ ssl=False>>>
07/17 09:43:24-pika.channel-INFO - Received <Channel.CloseOk> on <Channel number=1 CLOSING conn=<SelectConnection OPEN transport=<pika.adapters.utils.io_services_utils._AsyncPlaintextTransport object at 0x000001166406C9D0> params=<ConnectionParameters host=127.0.0.1 port=5672 virtual_host=/ ssl=False>>>
07/17 09:43:26-root-INFO - mq_在2张照片中识别到1张疑似非农化照片
07/17 09:43:26-root-INFO - 数据已成功写入数据库
07/17 09:43:26-root-INFO - mq_线程休眠
07/17 09:43:27-root-INFO - mq_线程运行
07/17 09:43:27-pika.adapters.blocking_connection-INFO - Created channel=1
07/17 09:43:27-root-INFO - [*] 正在等待消息队列数据
07/17 16:33:26-root-INFO - cycle_线程运行
07/17 16:33:26-root-INFO - mq_线程运行
07/17 16:33:26-root-INFO - cycle_不在指定工作时间
07/17 16:33:26-root-INFO - cycle_未找到照片
07/17 16:33:26-root-INFO - cycle_休眠,现在时间16时
07/17 16:33:26-root-INFO - cycle_线程休眠
07/17 16:33:26-pika.adapters.blocking_connection-INFO - Created channel=1
07/17 16:33:26-root-INFO - [*] 正在等待消息队列数据
07/17 16:33:35-root-INFO - [^]消息队列收到消息
07/17 16:33:35-root-INFO - mq_接收到2张图片
07/17 16:33:35-pika.channel-INFO - Closing channel (0): 'Normal shutdown' on <Channel number=1 OPEN conn=<SelectConnection OPEN transport=<pika.adapters.utils.io_services_utils._AsyncPlaintextTransport object at 0x000001DCDADC7310> params=<ConnectionParameters host=127.0.0.1 port=5672 virtual_host=/ ssl=False>>>
07/17 16:33:35-pika.channel-INFO - Received <Channel.CloseOk> on <Channel number=1 CLOSING conn=<SelectConnection OPEN transport=<pika.adapters.utils.io_services_utils._AsyncPlaintextTransport object at 0x000001DCDADC7310> params=<ConnectionParameters host=127.0.0.1 port=5672 virtual_host=/ ssl=False>>>
07/17 16:33:40-root-INFO - mq_在2张照片中识别到1张疑似非农化照片
07/17 16:33:40-root-INFO - 数据已成功写入数据库
07/17 16:33:40-root-INFO - mq_线程休眠
07/17 16:33:41-root-INFO - mq_线程运行
07/17 16:33:41-pika.adapters.blocking_connection-INFO - Created channel=1
07/17 16:33:41-root-INFO - [*] 正在等待消息队列数据
07/17 16:34:26-root-INFO - cycle_线程运行
07/17 16:34:26-root-INFO - cycle_不在指定工作时间
07/17 16:34:26-root-INFO - cycle_未找到照片
07/17 16:34:26-root-INFO - cycle_休眠,现在时间16时
07/17 16:34:26-root-INFO - cycle_线程休眠
07/17 16:35:26-root-INFO - cycle_线程运行
07/17 16:35:26-root-INFO - cycle_不在指定工作时间
07/17 16:35:26-root-INFO - cycle_未找到照片
07/17 16:35:26-root-INFO - cycle_休眠,现在时间16时
07/17 16:35:26-root-INFO - cycle_线程休眠
07/17 16:36:26-root-INFO - cycle_线程运行
07/17 16:36:26-root-INFO - cycle_不在指定工作时间
07/17 16:36:26-root-INFO - cycle_未找到照片
07/17 16:36:26-root-INFO - cycle_休眠,现在时间16时
07/17 16:36:26-root-INFO - cycle_线程休眠
07/17 16:37:26-root-INFO - cycle_线程运行
07/17 16:37:26-root-INFO - cycle_不在指定工作时间
07/17 16:37:26-root-INFO - cycle_未找到照片
07/17 16:37:26-root-INFO - cycle_休眠,现在时间16时
07/17 16:37:26-root-INFO - cycle_线程休眠
07/17 16:38:26-root-INFO - cycle_线程运行
07/17 16:38:26-root-INFO - cycle_不在指定工作时间
07/17 16:38:26-root-INFO - cycle_未找到照片
07/17 16:38:26-root-INFO - cycle_休眠,现在时间16时
07/17 16:38:26-root-INFO - cycle_线程休眠
07/17 16:39:26-root-INFO - cycle_线程运行
07/17 16:39:26-root-INFO - cycle_不在指定工作时间
07/17 16:39:26-root-INFO - cycle_未找到照片
07/17 16:39:26-root-INFO - cycle_休眠,现在时间16时
07/17 16:39:26-root-INFO - cycle_线程休眠
07/17 16:40:26-root-INFO - cycle_线程运行
07/17 16:40:26-root-INFO - cycle_不在指定工作时间
07/17 16:40:26-root-INFO - cycle_未找到照片
07/17 16:40:26-root-INFO - cycle_休眠,现在时间16时
07/17 16:40:26-root-INFO - cycle_线程休眠
07/17 16:41:26-root-INFO - cycle_线程运行
07/17 16:41:26-root-INFO - cycle_不在指定工作时间
07/17 16:41:26-root-INFO - cycle_未找到照片
07/17 16:41:26-root-INFO - cycle_休眠,现在时间16时
07/17 16:41:26-root-INFO - cycle_线程休眠
07/17 16:42:26-root-INFO - cycle_线程运行
07/17 16:42:26-root-INFO - cycle_不在指定工作时间
07/17 16:42:26-root-INFO - cycle_未找到照片
07/17 16:42:26-root-INFO - cycle_休眠,现在时间16时
07/17 16:42:26-root-INFO - cycle_线程休眠
07/17 16:43:26-root-INFO - cycle_线程运行
07/17 16:43:26-root-INFO - cycle_不在指定工作时间
07/17 16:43:26-root-INFO - cycle_未找到照片
07/17 16:43:26-root-INFO - cycle_休眠,现在时间16时
07/17 16:43:26-root-INFO - cycle_线程休眠
07/17 16:44:26-root-INFO - cycle_线程运行
07/17 16:44:26-root-INFO - cycle_不在指定工作时间
07/17 16:44:26-root-INFO - cycle_未找到照片
07/17 16:44:26-root-INFO - cycle_休眠,现在时间16时
07/17 16:44:26-root-INFO - cycle_线程休眠
07/17 16:45:26-root-INFO - cycle_线程运行
07/17 16:45:26-root-INFO - cycle_不在指定工作时间
07/17 16:45:26-root-INFO - cycle_未找到照片
07/17 16:45:26-root-INFO - cycle_休眠,现在时间16时
07/17 16:45:26-root-INFO - cycle_线程休眠
07/17 16:46:26-root-INFO - cycle_线程运行
07/17 16:46:26-root-INFO - cycle_不在指定工作时间
07/17 16:46:26-root-INFO - cycle_未找到照片
07/17 16:46:26-root-INFO - cycle_休眠,现在时间16时
07/17 16:46:26-root-INFO - cycle_线程休眠
07/17 16:47:26-root-INFO - cycle_线程运行
07/17 16:47:26-root-INFO - cycle_不在指定工作时间
07/17 16:47:26-root-INFO - cycle_未找到照片
07/17 16:47:26-root-INFO - cycle_休眠,现在时间16时
07/17 16:47:26-root-INFO - cycle_线程休眠
07/17 16:48:26-root-INFO - cycle_线程运行
07/17 16:48:26-root-INFO - cycle_不在指定工作时间
07/17 16:48:26-root-INFO - cycle_未找到照片
07/17 16:48:26-root-INFO - cycle_休眠,现在时间16时
07/17 16:48:26-root-INFO - cycle_线程休眠
07/17 16:49:26-root-INFO - cycle_线程运行
07/17 16:49:26-root-INFO - cycle_不在指定工作时间
07/17 16:49:26-root-INFO - cycle_未找到照片
07/17 16:49:26-root-INFO - cycle_休眠,现在时间16时
07/17 16:49:26-root-INFO - cycle_线程休眠
07/17 16:50:26-root-INFO - cycle_线程运行
07/17 16:50:26-root-INFO - cycle_不在指定工作时间
07/17 16:50:26-root-INFO - cycle_未找到照片
07/17 16:50:26-root-INFO - cycle_休眠,现在时间16时
07/17 16:50:26-root-INFO - cycle_线程休眠
07/17 16:51:26-root-INFO - cycle_线程运行
07/17 16:51:26-root-INFO - cycle_不在指定工作时间
07/17 16:51:26-root-INFO - cycle_未找到照片
07/17 16:51:26-root-INFO - cycle_休眠,现在时间16时
07/17 16:51:26-root-INFO - cycle_线程休眠
07/17 16:52:26-root-INFO - cycle_线程运行
07/17 16:52:26-root-INFO - cycle_不在指定工作时间
07/17 16:52:26-root-INFO - cycle_未找到照片
07/17 16:52:26-root-INFO - cycle_休眠,现在时间16时
07/17 16:52:26-root-INFO - cycle_线程休眠
07/17 16:53:26-root-INFO - cycle_线程运行
07/17 16:53:26-root-INFO - cycle_不在指定工作时间
07/17 16:53:26-root-INFO - cycle_未找到照片
07/17 16:53:26-root-INFO - cycle_休眠,现在时间16时
07/17 16:53:26-root-INFO - cycle_线程休眠
07/17 16:54:26-root-INFO - cycle_线程运行
07/17 16:54:26-root-INFO - cycle_不在指定工作时间
07/17 16:54:26-root-INFO - cycle_未找到照片
07/17 16:54:26-root-INFO - cycle_休眠,现在时间16时
07/17 16:54:26-root-INFO - cycle_线程休眠
07/17 16:55:26-root-INFO - cycle_线程运行
07/17 16:55:26-root-INFO - cycle_不在指定工作时间
07/17 16:55:26-root-INFO - cycle_未找到照片
07/17 16:55:26-root-INFO - cycle_休眠,现在时间16时
07/17 16:55:26-root-INFO - cycle_线程休眠
07/17 16:56:26-root-INFO - cycle_线程运行
07/17 16:56:26-root-INFO - cycle_不在指定工作时间
07/17 16:56:26-root-INFO - cycle_未找到照片
07/17 16:56:26-root-INFO - cycle_休眠,现在时间16时
07/17 16:56:26-root-INFO - cycle_线程休眠
07/17 16:57:26-root-INFO - cycle_线程运行
07/17 16:57:26-root-INFO - cycle_不在指定工作时间
07/17 16:57:26-root-INFO - cycle_未找到照片
07/17 16:57:26-root-INFO - cycle_休眠,现在时间16时
07/17 16:57:26-root-INFO - cycle_线程休眠
07/17 16:58:26-root-INFO - cycle_线程运行
07/17 16:58:26-root-INFO - cycle_不在指定工作时间
07/17 16:58:26-root-INFO - cycle_未找到照片
07/17 16:58:26-root-INFO - cycle_休眠,现在时间16时
07/17 16:58:26-root-INFO - cycle_线程休眠
07/17 16:59:26-root-INFO - cycle_线程运行
07/17 16:59:26-root-INFO - cycle_不在指定工作时间
07/17 16:59:26-root-INFO - cycle_未找到照片
07/17 16:59:26-root-INFO - cycle_休眠,现在时间16时
07/17 16:59:26-root-INFO - cycle_线程休眠
07/17 17:00:26-root-INFO - cycle_线程运行
07/17 17:00:26-root-INFO - cycle_不在指定工作时间
07/17 17:00:26-root-INFO - cycle_未找到照片
07/17 17:00:26-root-INFO - cycle_休眠,现在时间17时
07/17 17:00:26-root-INFO - cycle_线程休眠
07/17 17:01:26-root-INFO - cycle_线程运行
07/17 17:01:26-root-INFO - cycle_不在指定工作时间
07/17 17:01:26-root-INFO - cycle_未找到照片
07/17 17:01:26-root-INFO - cycle_休眠,现在时间17时
07/17 17:01:26-root-INFO - cycle_线程休眠
07/17 17:02:26-root-INFO - cycle_线程运行
07/17 17:02:26-root-INFO - cycle_不在指定工作时间
07/17 17:02:26-root-INFO - cycle_未找到照片
07/17 17:02:26-root-INFO - cycle_休眠,现在时间17时
07/17 17:02:26-root-INFO - cycle_线程休眠
07/17 17:03:26-root-INFO - cycle_线程运行
07/17 17:03:26-root-INFO - cycle_不在指定工作时间
07/17 17:03:26-root-INFO - cycle_未找到照片
07/17 17:03:26-root-INFO - cycle_休眠,现在时间17时
07/17 17:03:26-root-INFO - cycle_线程休眠
07/17 17:04:26-root-INFO - cycle_线程运行
07/17 17:04:26-root-INFO - cycle_不在指定工作时间
07/17 17:04:26-root-INFO - cycle_未找到照片
07/17 17:04:26-root-INFO - cycle_休眠,现在时间17时
07/17 17:04:26-root-INFO - cycle_线程休眠
07/17 17:05:26-root-INFO - cycle_线程运行
07/17 17:05:26-root-INFO - cycle_不在指定工作时间
07/17 17:05:26-root-INFO - cycle_未找到照片
07/17 17:05:26-root-INFO - cycle_休眠,现在时间17时
07/17 17:05:26-root-INFO - cycle_线程休眠
07/17 17:06:26-root-INFO - cycle_线程运行
07/17 17:06:26-root-INFO - cycle_不在指定工作时间
07/17 17:06:26-root-INFO - cycle_未找到照片
07/17 17:06:26-root-INFO - cycle_休眠,现在时间17时
07/17 17:06:26-root-INFO - cycle_线程休眠
07/17 17:07:26-root-INFO - cycle_线程运行
07/17 17:07:26-root-INFO - cycle_不在指定工作时间
07/17 17:07:26-root-INFO - cycle_未找到照片
07/17 17:07:26-root-INFO - cycle_休眠,现在时间17时
07/17 17:07:26-root-INFO - cycle_线程休眠
07/17 17:08:26-root-INFO - cycle_线程运行
07/17 17:08:26-root-INFO - cycle_不在指定工作时间
07/17 17:08:26-root-INFO - cycle_未找到照片
07/17 17:08:26-root-INFO - cycle_休眠,现在时间17时
07/17 17:08:26-root-INFO - cycle_线程休眠
