07/11 15:42:02-root-INFO-main-正在运行cycle线程
07/11 15:42:02-root-INFO-main-正在运行mq线程
07/11 15:42:02-root-INFO-sub_main-不在指定工作时间
07/11 15:42:02-root-INFO-main-未找到照片
07/11 15:42:07-root-INFO-send-数据已成功写入数据库
07/11 15:42:17-root-INFO-main-正在运行mq线程
07/11 15:42:18-root-INFO-send-数据已成功写入数据库
07/11 15:45:33-root-INFO-main-正在运行cycle线程
07/11 15:45:33-root-INFO-main-正在运行mq线程
07/11 15:45:33-root-WARNING-sub_main-<attribute 'args' of 'BaseException' objects>
07/11 15:46:03-root-INFO-send-数据已成功写入数据库
07/11 15:46:04-root-INFO-send-数据已成功写入数据库
07/11 15:46:14-root-INFO-main-正在运行mq线程
07/11 15:46:15-root-INFO-send-数据已成功写入数据库
07/11 15:46:25-root-INFO-main-正在运行mq线程
07/11 15:46:26-root-INFO-send-数据已成功写入数据库
07/11 15:46:36-root-INFO-main-正在运行mq线程
07/11 15:46:37-root-INFO-send-数据已成功写入数据库
07/11 15:47:32-root-INFO-main-正在运行cycle线程
07/11 15:47:32-root-INFO-main-正在运行mq线程
07/11 15:47:32-root-WARNING-sub_main-<attribute 'args' of 'BaseException' objects>
07/11 15:48:02-root-INFO-send-数据已成功写入数据库
07/11 15:48:02-root-INFO-send-数据已成功写入数据库
07/11 15:48:12-root-INFO-main-正在运行mq线程
07/11 15:48:13-root-INFO-send-数据已成功写入数据库
07/11 15:48:15-root-INFO-main-正在运行cycle线程
07/11 15:48:23-root-INFO-main-正在运行mq线程
07/11 15:48:44-root-INFO-send-数据已成功写入数据库
07/11 15:48:57-root-INFO-main-正在运行cycle线程
07/11 15:49:25-root-INFO-send-数据已成功写入数据库
07/11 15:49:37-root-INFO-main-正在运行cycle线程
07/11 15:50:06-root-INFO-send-数据已成功写入数据库
07/11 15:50:18-root-INFO-main-正在运行cycle线程
07/11 15:50:46-root-INFO-send-数据已成功写入数据库
07/11 15:50:58-root-INFO-main-正在运行cycle线程
07/11 15:53:45-root-INFO-main-正在运行cycle线程
07/11 15:53:45-root-INFO-main-正在运行mq线程
07/11 15:53:45-root-INFO-sub_main-不在指定工作时间
07/11 15:53:45-root-INFO-main-未找到照片
07/11 15:53:51-root-INFO-main-正在运行cycle线程
07/11 15:53:51-root-INFO-sub_main-不在指定工作时间
07/11 15:53:51-root-INFO-main-未找到照片
07/11 15:53:57-root-INFO-main-正在运行cycle线程
07/11 15:53:57-root-INFO-sub_main-不在指定工作时间
07/11 15:53:57-root-INFO-main-未找到照片
07/11 15:54:03-root-INFO-main-正在运行cycle线程
07/11 15:54:03-root-INFO-sub_main-不在指定工作时间
07/11 15:54:03-root-INFO-main-未找到照片
07/11 15:54:17-root-INFO-main-正在运行cycle线程
07/11 15:54:17-root-INFO-main-正在运行mq线程
07/11 15:54:17-root-INFO-sub_main-不在指定工作时间
07/11 15:54:17-root-INFO-main-未找到照片
07/11 15:54:22-root-INFO-send-数据已成功写入数据库
07/11 15:54:23-root-INFO-main-正在运行cycle线程
07/11 15:54:23-root-INFO-sub_main-不在指定工作时间
07/11 15:54:23-root-INFO-main-未找到照片
07/11 15:54:29-root-INFO-main-正在运行cycle线程
07/11 15:54:29-root-INFO-sub_main-不在指定工作时间
07/11 15:54:29-root-INFO-main-未找到照片
07/11 15:54:32-root-INFO-main-正在运行mq线程
07/11 15:54:33-root-INFO-send-数据已成功写入数据库
07/11 15:54:35-root-INFO-main-正在运行cycle线程
07/11 15:54:35-root-INFO-sub_main-不在指定工作时间
07/11 15:54:35-root-INFO-main-未找到照片
07/11 15:54:41-root-INFO-main-正在运行cycle线程
07/11 15:54:41-root-INFO-sub_main-不在指定工作时间
07/11 15:54:41-root-INFO-main-未找到照片
07/11 15:54:43-root-INFO-main-正在运行mq线程
07/11 15:54:44-root-INFO-send-数据已成功写入数据库
07/11 15:59:58-root-INFO-main-正在运行cycle线程
07/11 15:59:58-root-INFO-main-正在运行mq线程
07/11 16:00:28-root-INFO-send-数据已成功写入数据库
07/11 16:00:28-root-INFO-send-数据已成功写入数据库
07/11 16:00:38-root-INFO-main-正在运行mq线程
07/11 16:00:40-root-INFO-send-数据已成功写入数据库
07/11 16:00:40-root-INFO-main-正在运行cycle线程
07/11 16:00:40-root-INFO-sub_main-不在指定工作时间
07/11 16:00:40-root-INFO-main-未找到照片
07/11 16:00:46-root-INFO-main-正在运行cycle线程
07/11 16:00:46-root-INFO-sub_main-不在指定工作时间
07/11 16:00:46-root-INFO-main-未找到照片
07/11 16:00:50-root-INFO-main-正在运行mq线程
07/11 16:00:51-root-INFO-send-数据已成功写入数据库
07/11 16:00:52-root-INFO-main-正在运行cycle线程
07/11 16:00:52-root-INFO-sub_main-不在指定工作时间
07/11 16:00:52-root-INFO-main-未找到照片
07/11 16:00:58-root-INFO-main-正在运行cycle线程
07/11 16:00:58-root-INFO-sub_main-不在指定工作时间
07/11 16:00:58-root-INFO-main-未找到照片
07/11 16:01:01-root-INFO-main-正在运行mq线程
07/11 16:01:02-root-INFO-send-数据已成功写入数据库
07/11 16:01:04-root-INFO-main-正在运行cycle线程
07/11 16:01:04-root-INFO-sub_main-不在指定工作时间
07/11 16:01:04-root-INFO-main-未找到照片
07/11 16:01:10-root-INFO-main-正在运行cycle线程
07/11 16:01:10-root-INFO-sub_main-不在指定工作时间
07/11 16:01:10-root-INFO-main-未找到照片
07/11 16:01:12-root-INFO-main-正在运行mq线程
07/11 16:01:13-root-INFO-send-数据已成功写入数据库
07/11 16:01:16-root-INFO-main-正在运行cycle线程
07/11 16:01:16-root-INFO-sub_main-不在指定工作时间
07/11 16:01:16-root-INFO-main-未找到照片
07/11 16:01:22-root-INFO-main-正在运行cycle线程
07/11 16:01:22-root-INFO-sub_main-不在指定工作时间
07/11 16:01:22-root-INFO-main-未找到照片
07/11 16:01:23-root-INFO-main-正在运行mq线程
07/11 16:01:25-root-INFO-send-数据已成功写入数据库
07/11 16:01:29-root-INFO-main-正在运行cycle线程
07/11 16:01:29-root-INFO-sub_main-不在指定工作时间
07/11 16:01:29-root-INFO-main-未找到照片
07/11 16:01:35-root-INFO-main-正在运行cycle线程
07/11 16:01:35-root-INFO-sub_main-不在指定工作时间
07/11 16:01:35-root-INFO-main-未找到照片
07/11 16:01:35-root-INFO-main-正在运行mq线程
07/11 16:01:36-root-INFO-send-数据已成功写入数据库
07/11 16:01:41-root-INFO-main-正在运行cycle线程
07/11 16:01:41-root-INFO-sub_main-不在指定工作时间
07/11 16:01:41-root-INFO-main-未找到照片
07/11 16:01:46-root-INFO-main-正在运行mq线程
07/11 16:01:47-root-INFO-main-正在运行cycle线程
07/11 16:01:47-root-INFO-sub_main-不在指定工作时间
07/11 16:01:47-root-INFO-main-未找到照片
07/11 16:01:47-root-INFO-send-数据已成功写入数据库
07/11 16:01:53-root-INFO-main-正在运行cycle线程
07/11 16:01:53-root-INFO-sub_main-不在指定工作时间
07/11 16:01:53-root-INFO-main-未找到照片
07/11 16:01:57-root-INFO-main-正在运行mq线程
07/11 16:01:59-root-INFO-send-数据已成功写入数据库
07/11 16:01:59-root-INFO-main-正在运行cycle线程
07/11 16:01:59-root-INFO-sub_main-不在指定工作时间
07/11 16:01:59-root-INFO-main-未找到照片
07/11 16:02:05-root-INFO-main-正在运行cycle线程
07/11 16:02:05-root-INFO-sub_main-不在指定工作时间
07/11 16:02:05-root-INFO-main-未找到照片
07/11 16:02:09-root-INFO-main-正在运行mq线程
07/11 16:02:10-root-INFO-send-数据已成功写入数据库
07/11 16:02:11-root-INFO-main-正在运行cycle线程
07/11 16:02:11-root-INFO-sub_main-不在指定工作时间
07/11 16:02:11-root-INFO-main-未找到照片
07/11 16:02:17-root-INFO-main-正在运行cycle线程
07/11 16:02:17-root-INFO-sub_main-不在指定工作时间
07/11 16:02:17-root-INFO-main-未找到照片
07/11 16:02:20-root-INFO-main-正在运行mq线程
07/11 16:02:21-root-INFO-send-数据已成功写入数据库
07/11 16:02:23-root-INFO-main-正在运行cycle线程
07/11 16:02:23-root-INFO-sub_main-不在指定工作时间
07/11 16:02:23-root-INFO-main-未找到照片
07/11 16:02:29-root-INFO-main-正在运行cycle线程
07/11 16:02:29-root-INFO-sub_main-不在指定工作时间
07/11 16:02:29-root-INFO-main-未找到照片
07/11 16:02:31-root-INFO-main-正在运行mq线程
07/11 16:02:32-root-INFO-send-数据已成功写入数据库
07/11 16:02:35-root-INFO-main-正在运行cycle线程
07/11 16:02:35-root-INFO-sub_main-不在指定工作时间
07/11 16:02:35-root-INFO-main-未找到照片
07/11 16:02:41-root-INFO-main-正在运行cycle线程
07/11 16:02:41-root-INFO-sub_main-不在指定工作时间
07/11 16:02:41-root-INFO-main-未找到照片
07/11 16:02:42-root-INFO-main-正在运行mq线程
07/11 16:02:43-root-INFO-send-数据已成功写入数据库
07/11 16:02:47-root-INFO-main-正在运行cycle线程
07/11 16:02:47-root-INFO-sub_main-不在指定工作时间
07/11 16:02:47-root-INFO-main-未找到照片
07/11 16:02:53-root-INFO-main-正在运行cycle线程
07/11 16:02:53-root-INFO-sub_main-不在指定工作时间
07/11 16:02:53-root-INFO-main-未找到照片
07/11 16:02:53-root-INFO-main-正在运行mq线程
07/11 16:02:55-root-INFO-send-数据已成功写入数据库
07/11 16:02:59-root-INFO-main-正在运行cycle线程
07/11 16:02:59-root-INFO-sub_main-不在指定工作时间
07/11 16:02:59-root-INFO-main-未找到照片
07/11 16:03:05-root-INFO-main-正在运行mq线程
07/11 16:03:05-root-INFO-main-正在运行cycle线程
07/11 16:03:05-root-INFO-sub_main-不在指定工作时间
07/11 16:03:05-root-INFO-main-未找到照片
07/11 16:03:06-root-INFO-send-数据已成功写入数据库
07/11 16:03:11-root-INFO-main-正在运行cycle线程
07/11 16:03:11-root-INFO-sub_main-不在指定工作时间
07/11 16:03:11-root-INFO-main-未找到照片
07/11 16:03:16-root-INFO-main-正在运行mq线程
07/11 16:10:33-root-INFO-main-正在运行cycle线程
07/11 16:10:33-root-INFO-main-正在运行mq线程
07/11 16:11:03-root-INFO-send-数据已成功写入数据库
07/11 16:11:03-root-INFO-main-mq线程休眠
07/11 16:11:04-root-INFO-send-数据已成功写入数据库
07/11 16:11:10-root-INFO-main-cycle线程休眠
07/11 16:11:13-root-INFO-main-正在运行mq线程
07/11 16:11:14-root-INFO-send-数据已成功写入数据库
07/11 16:11:14-root-INFO-main-mq线程休眠
07/11 16:11:16-root-INFO-main-正在运行cycle线程
07/11 16:11:24-root-INFO-main-正在运行mq线程
07/11 16:14:34-root-INFO-main-正在运行cycle线程
07/11 16:14:34-root-INFO-main-正在运行mq线程
07/11 16:14:34-root-INFO-sub_main-不在指定工作时间
07/11 16:14:34-root-INFO-main-未找到照片
07/11 16:14:34-root-INFO-main-cycle线程休眠
07/11 16:14:39-root-INFO-send-数据已成功写入数据库
07/11 16:14:39-root-INFO-main-mq线程休眠
07/11 16:14:40-root-INFO-main-正在运行cycle线程
07/11 16:14:40-root-INFO-sub_main-不在指定工作时间
07/11 16:14:40-root-INFO-main-未找到照片
07/11 16:14:40-root-INFO-main-cycle线程休眠
07/11 16:15:01-root-INFO-main-正在运行cycle线程
07/11 16:15:01-root-INFO-main-正在运行mq线程
07/11 16:15:01-root-INFO-sub_main-不在指定工作时间
07/11 16:15:01-root-INFO-main-未找到照片
07/11 16:15:01-root-INFO-main-cycle线程休眠
07/11 16:15:06-root-INFO-send-数据已成功写入数据库
07/11 16:15:06-root-INFO-main-mq线程休眠
07/11 16:15:07-root-INFO-main-正在运行cycle线程
07/11 16:15:08-root-INFO-sub_main-不在指定工作时间
07/11 16:15:08-root-INFO-main-未找到照片
07/11 16:15:08-root-INFO-main-cycle线程休眠
07/11 16:15:14-root-INFO-main-正在运行cycle线程
07/11 16:15:14-root-INFO-sub_main-不在指定工作时间
07/11 16:15:14-root-INFO-main-未找到照片
07/11 16:15:14-root-INFO-main-cycle线程休眠
07/11 16:15:16-root-INFO-main-正在运行mq线程
07/11 16:15:18-root-INFO-send-数据已成功写入数据库
07/11 16:15:18-root-INFO-main-mq线程休眠
07/11 16:15:20-root-INFO-main-正在运行cycle线程
07/11 16:15:20-root-INFO-sub_main-不在指定工作时间
07/11 16:15:20-root-INFO-main-未找到照片
07/11 16:15:20-root-INFO-main-cycle线程休眠
07/11 16:15:26-root-INFO-main-正在运行cycle线程
07/11 16:15:26-root-INFO-sub_main-不在指定工作时间
07/11 16:15:26-root-INFO-main-未找到照片
07/11 16:15:26-root-INFO-main-cycle线程休眠
07/11 16:15:28-root-INFO-main-正在运行mq线程
07/11 16:15:29-root-INFO-send-数据已成功写入数据库
07/11 16:15:29-root-INFO-main-mq线程休眠
07/11 16:15:32-root-INFO-main-正在运行cycle线程
07/11 16:15:32-root-INFO-sub_main-不在指定工作时间
07/11 16:15:32-root-INFO-main-未找到照片
07/11 16:15:32-root-INFO-main-cycle线程休眠
07/11 16:15:47-root-INFO-main-正在运行cycle线程
07/11 16:15:47-root-INFO-main-正在运行mq线程
07/11 16:15:54-root-INFO-send-数据已成功写入数据库
07/11 16:15:54-root-INFO-main-mq线程休眠
07/11 16:16:04-root-INFO-main-正在运行mq线程
07/11 16:16:05-root-INFO-send-数据已成功写入数据库
07/11 16:16:05-root-INFO-main-mq线程休眠
07/11 16:16:15-root-INFO-main-正在运行mq线程
07/11 16:16:17-root-INFO-send-数据已成功写入数据库
07/11 16:16:17-root-INFO-main-mq线程休眠
07/11 16:16:17-root-INFO-send-数据已成功写入数据库
07/11 16:16:23-root-INFO-main-cycle线程休眠
07/11 16:16:27-root-INFO-main-正在运行mq线程
07/11 16:16:28-root-INFO-send-数据已成功写入数据库
07/11 16:16:28-root-INFO-main-mq线程休眠
07/11 16:16:29-root-INFO-main-正在运行cycle线程
07/11 16:16:38-root-INFO-main-正在运行mq线程
07/11 16:16:40-root-INFO-send-数据已成功写入数据库
07/11 16:16:40-root-INFO-main-mq线程休眠
07/11 16:16:50-root-INFO-main-正在运行mq线程
07/11 16:16:51-root-INFO-send-数据已成功写入数据库
07/11 16:16:51-root-INFO-main-mq线程休眠
07/11 16:16:58-root-INFO-send-数据已成功写入数据库
07/11 16:17:01-root-INFO-main-正在运行mq线程
07/11 16:20:51-root-INFO-main-正在运行cycle线程
07/11 16:20:51-root-INFO-main-正在运行mq线程
07/11 16:22:33-root-INFO-main-正在运行cycle线程
07/11 16:22:33-root-INFO-main-正在运行mq线程
07/11 16:22:33-root-INFO-sub_main-不在指定工作时间
07/11 16:22:33-root-INFO-main-未找到照片
07/11 16:22:33-root-INFO-main-cycle线程休眠
07/11 16:22:38-root-INFO-send-数据已成功写入数据库
07/11 16:22:38-root-INFO-main-mq线程休眠
07/11 16:22:48-root-INFO-main-正在运行mq线程
07/11 16:22:49-root-INFO-send-数据已成功写入数据库
07/11 16:22:49-root-INFO-main-mq线程休眠
07/11 16:22:59-root-INFO-main-正在运行mq线程
07/11 16:23:00-root-INFO-send-数据已成功写入数据库
07/11 16:23:00-root-INFO-main-mq线程休眠
07/11 16:32:04-root-INFO-main-正在运行cycle线程
07/11 16:32:04-root-INFO-main-正在运行mq线程
07/11 16:32:20-root-INFO-main-正在运行cycle线程
07/11 16:32:20-root-INFO-main-正在运行mq线程
07/11 16:32:20-root-INFO-sub_main-不在指定工作时间
07/11 16:32:20-root-INFO-main-未找到照片
07/11 16:32:20-root-INFO-main-cycle线程休眠
07/11 16:32:25-root-INFO-send-数据已成功写入数据库
07/11 16:32:25-root-INFO-main-mq线程休眠
07/11 16:32:26-root-INFO-main-正在运行mq线程
07/11 16:32:27-root-INFO-send-数据已成功写入数据库
07/11 16:32:27-root-INFO-main-mq线程休眠
07/11 16:32:28-root-INFO-main-正在运行mq线程
07/11 16:32:29-root-INFO-send-数据已成功写入数据库
07/11 16:32:29-root-INFO-main-mq线程休眠
07/11 16:32:30-root-INFO-main-正在运行mq线程
07/11 16:32:31-root-INFO-send-数据已成功写入数据库
07/11 16:32:31-root-INFO-main-mq线程休眠
07/11 16:32:32-root-INFO-main-正在运行mq线程
07/11 16:32:34-root-INFO-send-数据已成功写入数据库
07/11 16:32:34-root-INFO-main-mq线程休眠
07/11 16:32:35-root-INFO-main-正在运行mq线程
07/11 16:32:36-root-INFO-send-数据已成功写入数据库
07/11 16:32:36-root-INFO-main-mq线程休眠
07/11 16:32:37-root-INFO-main-正在运行mq线程
07/11 16:32:38-root-INFO-send-数据已成功写入数据库
07/11 16:32:38-root-INFO-main-mq线程休眠
07/11 16:32:39-root-INFO-main-正在运行mq线程
07/11 16:32:40-root-INFO-send-数据已成功写入数据库
07/11 16:32:40-root-INFO-main-mq线程休眠
07/11 16:32:41-root-INFO-main-正在运行mq线程
07/11 16:32:43-root-INFO-send-数据已成功写入数据库
07/11 16:32:43-root-INFO-main-mq线程休眠
07/11 16:32:44-root-INFO-main-正在运行mq线程
07/11 16:32:45-root-INFO-send-数据已成功写入数据库
07/11 16:32:45-root-INFO-main-mq线程休眠
07/11 16:32:46-root-INFO-main-正在运行mq线程
07/11 16:32:47-root-INFO-send-数据已成功写入数据库
07/11 16:32:47-root-INFO-main-mq线程休眠
07/11 16:38:59-root-INFO-main-正在运行cycle线程
07/11 16:38:59-root-INFO-main-正在运行mq线程
07/11 16:38:59-root-INFO-sub_main-不在指定工作时间
07/11 16:38:59-root-INFO-main-未找到照片
07/11 16:38:59-root-INFO-main-cycle线程休眠
07/11 16:39:47-root-INFO-main-正在运行cycle线程
07/11 16:39:47-root-INFO-main-正在运行mq线程
07/11 16:39:47-root-INFO-sub_main-不在指定工作时间
07/11 16:39:47-root-INFO-main-未找到照片
07/11 16:39:47-root-INFO-main-cycle线程休眠
07/11 16:39:52-root-INFO-send-数据已成功写入数据库
07/11 16:39:52-root-INFO-main-mq线程休眠
07/11 16:39:53-root-INFO-main-正在运行mq线程
07/11 16:39:54-root-INFO-send-数据已成功写入数据库
07/11 16:39:54-root-INFO-main-mq线程休眠
07/11 16:39:55-root-INFO-main-正在运行mq线程
07/11 16:39:56-root-INFO-send-数据已成功写入数据库
07/11 16:39:56-root-INFO-main-mq线程休眠
07/11 16:39:57-root-INFO-main-正在运行mq线程
07/11 16:40:29-root-INFO-main-正在运行cycle线程
07/11 16:40:29-root-INFO-main-正在运行mq线程
07/11 16:40:36-root-INFO-send-数据已成功写入数据库
07/11 16:40:36-root-INFO-main-mq线程休眠
07/11 16:40:37-root-INFO-main-正在运行mq线程
07/11 16:40:38-root-INFO-send-数据已成功写入数据库
07/11 16:40:38-root-INFO-main-mq线程休眠
07/11 16:40:39-root-INFO-main-正在运行mq线程
07/11 16:40:40-root-INFO-send-数据已成功写入数据库
07/11 16:40:40-root-INFO-main-mq线程休眠
07/11 16:40:41-root-INFO-main-正在运行mq线程
07/11 16:40:42-root-INFO-send-数据已成功写入数据库
07/11 16:40:42-root-INFO-main-mq线程休眠
07/11 16:40:43-root-INFO-main-正在运行mq线程
07/11 16:40:45-root-INFO-send-数据已成功写入数据库
07/11 16:40:45-root-INFO-main-mq线程休眠
07/11 16:40:46-root-INFO-main-正在运行mq线程
07/11 16:40:47-root-INFO-send-数据已成功写入数据库
07/11 16:40:47-root-INFO-main-mq线程休眠
07/11 16:40:48-root-INFO-main-正在运行mq线程
07/11 16:40:49-root-INFO-send-数据已成功写入数据库
07/11 16:40:49-root-INFO-main-mq线程休眠
07/11 16:40:50-root-INFO-main-正在运行mq线程
07/11 16:40:51-root-INFO-send-数据已成功写入数据库
07/11 16:40:51-root-INFO-main-mq线程休眠
07/11 16:40:52-root-INFO-main-正在运行mq线程
07/11 16:40:54-root-INFO-send-数据已成功写入数据库
07/11 16:40:54-root-INFO-main-mq线程休眠
07/11 16:41:27-root-INFO-main-正在运行cycle线程
07/11 16:41:27-root-INFO-main-正在运行mq线程
07/11 16:41:34-root-INFO-send-数据已成功写入数据库
07/11 16:41:34-root-INFO-main-mq线程休眠
07/11 16:41:35-root-INFO-main-正在运行mq线程
07/11 16:41:36-root-INFO-send-数据已成功写入数据库
07/11 16:41:36-root-INFO-main-mq线程休眠
07/11 16:41:37-root-INFO-main-正在运行mq线程
07/11 16:41:38-root-INFO-send-数据已成功写入数据库
07/11 16:41:38-root-INFO-main-mq线程休眠
07/11 16:41:39-root-INFO-main-正在运行mq线程
07/11 16:42:09-root-INFO-main-正在运行cycle线程
07/11 16:42:09-root-INFO-main-正在运行mq线程
07/11 16:42:15-root-INFO-send-数据已成功写入数据库
07/11 16:42:15-root-INFO-main-mq线程休眠
07/11 16:42:16-root-INFO-main-正在运行mq线程
07/11 16:42:17-root-INFO-send-数据已成功写入数据库
07/11 16:42:17-root-INFO-main-mq线程休眠
07/11 16:42:18-root-INFO-main-正在运行mq线程
07/11 16:42:19-root-INFO-send-数据已成功写入数据库
07/11 16:42:19-root-INFO-main-mq线程休眠
07/11 16:42:20-root-INFO-main-正在运行mq线程
07/11 16:42:22-root-INFO-send-数据已成功写入数据库
07/11 16:42:22-root-INFO-main-mq线程休眠
07/11 16:42:23-root-INFO-main-正在运行mq线程
07/11 16:42:24-root-INFO-send-数据已成功写入数据库
07/11 16:42:24-root-INFO-main-mq线程休眠
07/11 16:42:25-root-INFO-main-正在运行mq线程
07/11 16:42:26-root-INFO-send-数据已成功写入数据库
07/11 16:42:26-root-INFO-main-mq线程休眠
07/11 16:42:27-root-INFO-main-正在运行mq线程
07/11 16:42:28-root-INFO-send-数据已成功写入数据库
07/11 16:42:28-root-INFO-main-mq线程休眠
07/11 16:42:29-root-INFO-main-正在运行mq线程
07/11 16:42:30-root-INFO-send-数据已成功写入数据库
07/11 16:42:30-root-INFO-main-mq线程休眠
07/11 16:42:31-root-INFO-main-正在运行mq线程
07/11 16:42:32-root-INFO-send-数据已成功写入数据库
07/11 16:42:32-root-INFO-main-mq线程休眠
07/11 16:42:33-root-INFO-main-正在运行mq线程
07/11 16:42:35-root-INFO-send-数据已成功写入数据库
07/11 16:42:35-root-INFO-main-mq线程休眠
07/11 16:42:36-root-INFO-main-正在运行mq线程
07/11 16:42:37-root-INFO-send-数据已成功写入数据库
07/11 16:42:37-root-INFO-main-mq线程休眠
07/11 16:42:38-root-INFO-main-正在运行mq线程
07/11 16:42:39-root-INFO-send-数据已成功写入数据库
07/11 16:42:39-root-INFO-main-mq线程休眠
07/11 16:42:40-root-INFO-main-正在运行mq线程
07/11 16:42:41-root-INFO-send-数据已成功写入数据库
07/11 16:42:41-root-INFO-main-mq线程休眠
07/11 16:42:42-root-INFO-main-正在运行mq线程
07/11 16:42:43-root-INFO-send-数据已成功写入数据库
07/11 16:42:43-root-INFO-main-mq线程休眠
07/11 16:42:44-root-INFO-main-正在运行mq线程
07/11 16:42:45-root-INFO-send-数据已成功写入数据库
07/11 16:42:45-root-INFO-main-mq线程休眠
07/11 16:42:46-root-INFO-main-正在运行mq线程
07/11 16:42:47-root-INFO-send-数据已成功写入数据库
07/11 16:42:47-root-INFO-main-mq线程休眠
07/11 16:42:48-root-INFO-main-正在运行mq线程
07/11 16:42:50-root-INFO-send-数据已成功写入数据库
07/11 16:42:50-root-INFO-main-mq线程休眠
07/11 16:42:51-root-INFO-main-正在运行mq线程
07/11 16:42:52-root-INFO-send-数据已成功写入数据库
07/11 16:42:52-root-INFO-main-mq线程休眠
07/11 16:42:53-root-INFO-main-正在运行mq线程
07/11 16:42:54-root-INFO-send-数据已成功写入数据库
07/11 16:42:54-root-INFO-main-mq线程休眠
07/11 16:42:55-root-INFO-main-正在运行mq线程
07/11 16:42:56-root-INFO-send-数据已成功写入数据库
07/11 16:42:56-root-INFO-main-mq线程休眠
07/11 16:42:57-root-INFO-main-正在运行mq线程
07/11 16:42:58-root-INFO-send-数据已成功写入数据库
07/11 16:42:58-root-INFO-main-mq线程休眠
07/11 16:42:59-root-INFO-main-正在运行mq线程
07/11 16:43:00-root-INFO-send-数据已成功写入数据库
07/11 16:43:00-root-INFO-main-mq线程休眠
07/11 16:43:01-root-INFO-main-正在运行mq线程
07/11 16:43:03-root-INFO-send-数据已成功写入数据库
07/11 16:43:03-root-INFO-main-mq线程休眠
07/11 16:43:04-root-INFO-main-正在运行mq线程
07/11 16:43:05-root-INFO-send-数据已成功写入数据库
07/11 16:43:05-root-INFO-main-mq线程休眠
07/11 16:43:06-root-INFO-main-正在运行mq线程
07/11 16:43:07-root-INFO-send-数据已成功写入数据库
07/11 16:43:07-root-INFO-main-mq线程休眠
07/11 16:43:08-root-INFO-main-正在运行mq线程
07/11 16:43:09-root-INFO-send-数据已成功写入数据库
07/11 16:43:09-root-INFO-main-mq线程休眠
07/11 16:43:10-root-INFO-main-正在运行mq线程
07/11 16:43:11-root-INFO-send-数据已成功写入数据库
07/11 16:43:11-root-INFO-main-mq线程休眠
07/11 16:43:12-root-INFO-main-正在运行mq线程
07/11 16:43:13-root-INFO-send-数据已成功写入数据库
07/11 16:43:13-root-INFO-main-mq线程休眠
07/11 16:43:14-root-INFO-main-正在运行mq线程
07/11 16:43:16-root-INFO-send-数据已成功写入数据库
07/11 16:43:16-root-INFO-main-mq线程休眠
07/11 16:43:17-root-INFO-main-正在运行mq线程
07/11 16:43:18-root-INFO-send-数据已成功写入数据库
07/11 16:43:18-root-INFO-main-mq线程休眠
07/11 16:43:19-root-INFO-main-正在运行mq线程
07/11 16:43:20-root-INFO-send-数据已成功写入数据库
07/11 16:43:20-root-INFO-main-mq线程休眠
07/11 16:43:21-root-INFO-main-正在运行mq线程
07/11 16:43:22-root-INFO-send-数据已成功写入数据库
07/11 16:43:22-root-INFO-main-mq线程休眠
07/11 16:43:23-root-INFO-main-正在运行mq线程
07/11 16:43:24-root-INFO-send-数据已成功写入数据库
07/11 16:43:24-root-INFO-main-mq线程休眠
07/11 16:43:25-root-INFO-main-正在运行mq线程
07/11 16:43:26-root-INFO-send-数据已成功写入数据库
07/11 16:43:26-root-INFO-main-mq线程休眠
07/11 16:43:27-root-INFO-main-正在运行mq线程
07/11 16:43:28-root-INFO-send-数据已成功写入数据库
07/11 16:43:28-root-INFO-main-mq线程休眠
07/11 16:43:29-root-INFO-main-正在运行mq线程
07/11 16:43:30-root-INFO-send-数据已成功写入数据库
07/11 16:43:30-root-INFO-main-mq线程休眠
07/11 16:47:12-root-INFO-main-正在运行cycle线程
07/11 16:47:12-root-INFO-sub_main-不在指定工作时间
07/11 16:47:12-root-INFO-main-正在运行mq线程
07/11 16:47:12-root-INFO-main-未找到照片
07/11 16:47:12-root-INFO-main-cycle线程休眠
07/11 16:47:17-root-INFO-send-数据已成功写入数据库
07/11 16:47:17-root-INFO-main-mq线程休眠
07/11 16:47:18-root-INFO-main-正在运行mq线程
07/11 16:47:20-root-INFO-send-数据已成功写入数据库
07/11 16:47:20-root-INFO-main-mq线程休眠
07/11 16:47:37-root-INFO-main-正在运行cycle线程
07/11 16:47:37-root-INFO-main-正在运行mq线程
07/11 16:47:43-root-INFO-send-数据已成功写入数据库
07/11 16:47:43-root-INFO-main-mq线程休眠
07/11 16:47:44-root-INFO-main-正在运行mq线程
07/11 16:47:46-root-INFO-send-数据已成功写入数据库
07/11 16:47:46-root-INFO-main-mq线程休眠
07/11 16:47:47-root-INFO-main-正在运行mq线程
07/11 16:47:48-root-INFO-send-数据已成功写入数据库
07/11 16:47:48-root-INFO-main-mq线程休眠
07/11 16:47:49-root-INFO-main-正在运行mq线程
07/11 16:47:51-root-INFO-send-数据已成功写入数据库
07/11 16:47:51-root-INFO-main-mq线程休眠
07/11 16:47:52-root-INFO-main-正在运行mq线程
07/11 16:47:53-root-INFO-send-数据已成功写入数据库
07/11 16:47:53-root-INFO-main-mq线程休眠
07/11 16:47:54-root-INFO-main-正在运行mq线程
07/11 16:47:55-root-INFO-send-数据已成功写入数据库
07/11 16:47:55-root-INFO-main-mq线程休眠
07/11 16:47:56-root-INFO-main-正在运行mq线程
07/11 16:47:58-root-INFO-send-数据已成功写入数据库
07/11 16:47:58-root-INFO-main-mq线程休眠
07/11 16:47:59-root-INFO-main-正在运行mq线程
07/11 16:48:01-root-INFO-send-数据已成功写入数据库
07/11 16:48:01-root-INFO-main-mq线程休眠
07/11 16:48:02-root-INFO-main-正在运行mq线程
07/11 16:48:03-root-INFO-send-数据已成功写入数据库
07/11 16:48:03-root-INFO-main-mq线程休眠
07/11 16:48:04-root-INFO-main-正在运行mq线程
07/11 16:48:05-root-INFO-send-数据已成功写入数据库
07/11 16:48:05-root-INFO-main-mq线程休眠
07/11 16:48:06-root-INFO-send-数据已成功写入数据库
07/11 16:48:06-root-INFO-main-正在运行mq线程
07/11 16:48:07-root-INFO-send-数据已成功写入数据库
07/11 16:48:07-root-INFO-main-mq线程休眠
07/11 16:48:08-root-INFO-main-正在运行mq线程
07/11 16:48:10-root-INFO-send-数据已成功写入数据库
07/11 16:48:10-root-INFO-main-mq线程休眠
07/11 16:48:11-root-INFO-main-正在运行mq线程
07/11 16:53:31-root-INFO-main-正在运行cycle线程
07/11 16:53:31-root-INFO-main-正在运行mq线程
07/11 16:53:38-root-INFO-sub_main-('找到了', 235, '张照片')
07/11 16:53:38-root-INFO-send-数据已成功写入数据库
07/11 16:53:38-root-INFO-main-mq线程休眠
07/11 16:53:39-root-INFO-main-正在运行mq线程
07/11 16:53:40-root-INFO-send-数据已成功写入数据库
07/11 16:53:40-root-INFO-main-mq线程休眠
07/11 16:53:41-root-INFO-main-正在运行mq线程
07/11 16:53:43-root-INFO-send-数据已成功写入数据库
07/11 16:53:43-root-INFO-main-mq线程休眠
07/11 16:53:44-root-INFO-main-正在运行mq线程
07/11 16:53:45-root-INFO-send-数据已成功写入数据库
07/11 16:53:45-root-INFO-main-mq线程休眠
07/11 16:53:46-root-INFO-main-正在运行mq线程
07/11 16:53:47-root-INFO-send-数据已成功写入数据库
07/11 16:53:47-root-INFO-main-mq线程休眠
07/11 16:53:48-root-INFO-main-正在运行mq线程
07/11 16:53:50-root-INFO-send-数据已成功写入数据库
07/11 16:53:50-root-INFO-main-mq线程休眠
07/11 16:53:51-root-INFO-main-正在运行mq线程
07/11 16:53:52-root-INFO-send-数据已成功写入数据库
07/11 16:53:52-root-INFO-main-mq线程休眠
07/11 16:53:53-root-INFO-main-正在运行mq线程
07/11 16:53:55-root-INFO-send-数据已成功写入数据库
07/11 16:53:55-root-INFO-main-mq线程休眠
07/11 16:53:56-root-INFO-main-正在运行mq线程
07/11 16:53:57-root-INFO-send-数据已成功写入数据库
07/11 16:53:57-root-INFO-main-mq线程休眠
07/11 16:53:58-root-INFO-main-正在运行mq线程
07/11 16:53:59-root-INFO-send-数据已成功写入数据库
07/11 16:53:59-root-INFO-main-mq线程休眠
07/11 16:54:00-root-INFO-main-正在运行mq线程
07/11 16:54:01-root-INFO-send-数据已成功写入数据库
07/11 16:54:01-root-INFO-main-mq线程休眠
07/11 16:54:02-root-INFO-main-正在运行mq线程
07/11 16:54:03-root-INFO-send-数据已成功写入数据库
07/11 16:54:04-root-INFO-send-数据已成功写入数据库
07/11 16:54:04-root-INFO-main-mq线程休眠
07/11 16:54:05-root-INFO-main-正在运行mq线程
07/11 16:54:06-root-INFO-send-数据已成功写入数据库
07/11 16:54:06-root-INFO-main-mq线程休眠
07/11 16:54:07-root-INFO-main-正在运行mq线程
07/11 16:54:08-root-INFO-send-数据已成功写入数据库
07/11 16:54:08-root-INFO-main-mq线程休眠
07/11 16:54:09-root-INFO-main-正在运行mq线程
07/11 16:54:10-root-INFO-send-数据已成功写入数据库
07/11 16:54:10-root-INFO-main-mq线程休眠
07/11 16:54:11-root-INFO-main-正在运行mq线程
07/11 16:54:12-root-INFO-send-数据已成功写入数据库
07/11 16:54:12-root-INFO-main-mq线程休眠
07/11 17:09:19-root-INFO-main-cycle_线程运行
07/11 17:09:19-root-INFO-main-mq_线程运行
07/11 17:09:19-root-DEBUG-main-('cycle_parameters:', Namespace(set_date='20230622', set_time=17, source='H:\\backup\\files\\jsy-camera\\cameraCapture', temp='my_temp/cycle_images'))
07/11 17:09:19-root-DEBUG-parse_opt-('mq_Unknown in detected_mq.py arguments:', ['--set_time', '17'])
07/11 17:09:19-root-DEBUG-parse_opt-('Unknown in my_detect.py arguments:', ['--set_time', '17'])
07/11 17:09:25-root-INFO-sub_main-('cycle_找到了', 235, '张照片')
07/11 17:09:25-root-DEBUG-parse_opt-('Unknown in my_detect.py arguments:', ['--set_time', '17'])
07/11 17:09:25-root-INFO-send-数据已成功写入数据库
07/11 17:09:25-root-INFO-main-mq_线程休眠
07/11 17:09:35-root-INFO-main-mq_线程运行
07/11 17:09:35-root-DEBUG-parse_opt-('mq_Unknown in detected_mq.py arguments:', ['--set_time', '17'])
07/11 17:09:35-root-DEBUG-parse_opt-('Unknown in my_detect.py arguments:', ['--set_time', '17'])
07/11 17:09:37-root-INFO-send-数据已成功写入数据库
07/11 17:09:37-root-INFO-main-mq_线程休眠
07/11 17:09:47-root-INFO-main-mq_线程运行
07/11 17:09:47-root-DEBUG-parse_opt-('mq_Unknown in detected_mq.py arguments:', ['--set_time', '17'])
07/11 17:09:47-root-DEBUG-parse_opt-('Unknown in my_detect.py arguments:', ['--set_time', '17'])
07/11 17:09:48-root-INFO-send-数据已成功写入数据库
07/11 17:09:48-root-INFO-main-mq_线程休眠
07/11 17:09:49-root-INFO-main-('cycle_undetected_files:', ['20230622090309.jpg', '20230622090321.jpg', '20230622090332.jpg', '20230622090343.jpg', '20230622090354.jpg', '20230622090416.jpg', '20230622090427.jpg', '20230622090438.jpg', '20230622090449.jpg', '20230622090500.jpg', '20230622090511.jpg', '20230622090522.jpg', '20230622090533.jpg', '20230622090544.jpg', '20230622090555.jpg', '20230622090606.jpg', '20230622090617.jpg', '20230622090628.jpg', '20230622090639.jpg', '20230622090650.jpg', '20230622090701.jpg', '20230622090712.jpg', '20230622090723.jpg', '20230622090734.jpg', '20230622090745.jpg', '20230622090756.jpg', '20230622090807.jpg', '20230622090818.jpg', '20230622090829.jpg', '20230622090851.jpg', '20230622090903.jpg', '20230622090913.jpg', '20230622090925.jpg', '20230622090935.jpg', '20230622090948.jpg', '20230622090959.jpg', '20230622091010.jpg', '20230622091021.jpg', '20230622091032.jpg', '20230622091043.jpg', '20230622091054.jpg', '20230622091116.jpg', '20230622091127.jpg', '20230622091138.jpg', '20230622091149.jpg', '20230622091201.jpg', '20230622091212.jpg', '20230622091223.jpg', '20230622091234.jpg', '20230622091245.jpg', '20230622091308.jpg', '20230622091319.jpg', '20230622091330.jpg', '20230622091341.jpg', '20230622091403.jpg', '20230622091415.jpg', '20230622091426.jpg', '20230622091437.jpg', '20230622091448.jpg', '20230622091459.jpg', '20230622091510.jpg', '20230622091522.jpg', '20230622091532.jpg', '20230622091543.jpg', '20230622091606.jpg', '20230622091617.jpg', '20230622091628.jpg', '20230622091639.jpg', '20230622091650.jpg', '20230622091701.jpg', '20230622091713.jpg', '20230622091723.jpg', '20230622091734.jpg', '20230622091746.jpg', '20230622091757.jpg', '20230622091808.jpg', '20230622091819.jpg', '20230622091830.jpg', '20230622091841.jpg', '20230622091852.jpg', '20230622091903.jpg', '20230622091914.jpg', '20230622091925.jpg', '20230622091936.jpg', '20230622091947.jpg', '20230622091958.jpg', '20230622092031.jpg', '20230622092042.jpg', '20230622092053.jpg', '20230622092104.jpg', '20230622092115.jpg', '20230622092126.jpg', '20230622092137.jpg', '20230622092148.jpg', '20230622092200.jpg', '20230622092211.jpg', '20230622092222.jpg', '20230622092234.jpg', '20230622092245.jpg', '20230622092307.jpg', '20230622092318.jpg', '20230622092329.jpg', '20230622092340.jpg', '20230622092351.jpg', '20230622092414.jpg', '20230622092425.jpg', '20230622092435.jpg', '20230622092447.jpg', '20230622092458.jpg', '20230622092508.jpg', '20230622092519.jpg', '20230622092531.jpg', '20230622092542.jpg', '20230622092553.jpg', '20230622092604.jpg', '20230622092615.jpg', '20230622092626.jpg', '20230622092637.jpg', '20230622092648.jpg', '20230622092700.jpg', '20230622092711.jpg', '20230622092722.jpg', '20230622092733.jpg', '20230622092744.jpg', '20230622092755.jpg', '20230622092806.jpg', '20230622092817.jpg', '20230622092828.jpg', '20230622092839.jpg', '20230622092850.jpg', '20230622092901.jpg', '20230622092912.jpg', '20230622092923.jpg', '20230622092934.jpg', '20230622092946.jpg', '20230622092957.jpg', '20230622093008.jpg', '20230622093020.jpg', '20230622093031.jpg', '20230622093042.jpg', '20230622093054.jpg', '20230622093104.jpg', '20230622093127.jpg', '20230622093137.jpg', '20230622093149.jpg', '20230622093200.jpg', '20230622093211.jpg', '20230622093222.jpg', '20230622093234.jpg', '20230622093246.jpg', '20230622093257.jpg', '20230622093308.jpg', '20230622093319.jpg', '20230622093330.jpg', '20230622093342.jpg', '20230622093353.jpg', '20230622093404.jpg', '20230622093415.jpg', '20230622093426.jpg', '20230622093437.jpg', '20230622093459.jpg', '20230622093510.jpg', '20230622093521.jpg', '20230622093532.jpg', '20230622093543.jpg', '20230622093554.jpg', '20230622093605.jpg', '20230622093616.jpg', '20230622093627.jpg', '20230622093638.jpg', '20230622093649.jpg', '20230622093700.jpg', '20230622093711.jpg', '20230622093722.jpg', '20230622093734.jpg', '20230622093745.jpg', '20230622093756.jpg', '20230622093807.jpg', '20230622093819.jpg', '20230622093842.jpg', '20230622093853.jpg', '20230622093904.jpg', '20230622093915.jpg', '20230622093926.jpg', '20230622093937.jpg', '20230622093949.jpg', '20230622094000.jpg', '20230622094011.jpg', '20230622094022.jpg', '20230622094033.jpg', '20230622094044.jpg', '20230622094055.jpg', '20230622094106.jpg', '20230622094117.jpg', '20230622094128.jpg', '20230622094139.jpg', '20230622094150.jpg', '20230622094201.jpg', '20230622094212.jpg', '20230622094223.jpg', '20230622094235.jpg', '20230622094247.jpg', '20230622094258.jpg', '20230622094309.jpg', '20230622094320.jpg', '20230622094342.jpg', '20230622094353.jpg', '20230622094404.jpg', '20230622094415.jpg', '20230622094427.jpg', '20230622094437.jpg', '20230622094448.jpg', '20230622094459.jpg', '20230622094511.jpg', '20230622094522.jpg', '20230622094533.jpg', '20230622094544.jpg', '20230622094555.jpg', '20230622094607.jpg', '20230622094618.jpg'], 'detected_files:', [['20230622090251.jpg', [[-0.056976318359375, 13.132818222045898, 263.9793701171875, 38.943153381347656, 0.5694494843482971]]], ['20230622090405.jpg', [[5.8830413818359375, 7.874443054199219, 282.7640380859375, 42.27040100097656, 0.7166327834129333]]], ['20230622090840.jpg', [[0.621124267578125, 14.414508819580078, 75.00238037109375, 54.44401931762695, 0.7136487364768982]]], ['20230622091105.jpg', [[0.6626052856445312, 98.00489044189453, 71.8783950805664, 128.2981719970703, 0.5025741457939148]]], ['20230622091256.jpg', [[330.42327880859375, 14.1231689453125, 393.9332275390625, 48.64312744140625, 0.7049090266227722]]], ['20230622091352.jpg', [[3.199127197265625, 12.595632553100586, 135.03053283691406, 49.834556579589844, 0.5223311185836792]]], ['20230622091555.jpg', [[-0.16834259033203125, 11.958464622497559, 242.90261840820312, 38.87442398071289, 0.6570051908493042]]], ['20230622092009.jpg', [[87.8463363647461, 10.843843460083008, 254.7974853515625, 47.0731201171875, 0.7778639197349548]]], ['20230622092020.jpg', [[0.2670440673828125, 12.939144134521484, 242.0854949951172, 59.49592971801758, 0.8648394346237183]]], ['20230622092256.jpg', [[30.352821350097656, 103.43058776855469, 217.83053588867188, 149.04660034179688, 0.9392920732498169], [228.40234375, 104.12833404541016, 334.7117919921875, 147.73997497558594, 0.8688099384307861], [339.0148620605469, 103.48582458496094, 609.63427734375, 147.92977905273438, 0.7275550365447998]]], ['20230622092402.jpg', [[278.46356201171875, 265.1075439453125, 449.171875, 370.23272705078125, 0.6021096706390381]]], ['20230622093115.jpg', [[419.1399841308594, -0.3771629333496094, 478.2438049316406, 77.34759521484375, 0.8610784411430359], [501.01776123046875, 0.6410369873046875, 567.4054565429688, 76.78445434570312, 0.8572573065757751], [606.267822265625, -1.4340476989746094, 639.951416015625, 80.82730102539062, 0.7132755517959595]]], ['20230622093448.jpg', [[118.32364654541016, 11.580371856689453, 258.0741271972656, 49.15322494506836, 0.6438345313072205]]], ['20230622093830.jpg', [[25.587677001953125, 12.939529418945312, 239.45486450195312, 37.93928527832031, 0.5434075593948364]]], ['20230622094331.jpg', [[128.07232666015625, 10.888940811157227, 260.60614013671875, 47.205039978027344, 0.5123820900917053]]]])
07/11 17:09:49-root-INFO-send-数据已成功写入数据库
07/11 17:09:49-root-INFO-main-('cycle_在', 235, '张照片中识别到了：', 15, '张非农化照片')
07/11 17:09:58-root-INFO-main-mq_线程运行
07/11 17:09:58-root-DEBUG-parse_opt-('mq_Unknown in detected_mq.py arguments:', ['--set_time', '17'])
07/11 17:09:58-root-DEBUG-parse_opt-('Unknown in my_detect.py arguments:', ['--set_time', '17'])
07/11 17:09:59-root-INFO-send-数据已成功写入数据库
07/11 17:09:59-root-INFO-main-mq_线程休眠
07/11 17:10:09-root-INFO-main-mq_线程运行
07/11 17:10:09-root-DEBUG-parse_opt-('mq_Unknown in detected_mq.py arguments:', ['--set_time', '17'])
07/11 17:10:09-root-DEBUG-parse_opt-('Unknown in my_detect.py arguments:', ['--set_time', '17'])
07/11 17:10:10-root-INFO-send-数据已成功写入数据库
07/11 17:10:10-root-INFO-main-mq_线程休眠
07/11 17:10:20-root-INFO-main-mq_线程运行
07/11 17:10:20-root-DEBUG-parse_opt-('mq_Unknown in detected_mq.py arguments:', ['--set_time', '17'])
07/11 17:10:21-root-DEBUG-parse_opt-('Unknown in my_detect.py arguments:', ['--set_time', '17'])
07/11 17:10:22-root-INFO-send-数据已成功写入数据库
07/11 17:10:22-root-INFO-main-mq_线程休眠
07/11 17:10:32-root-INFO-main-mq_线程运行
07/11 17:10:32-root-DEBUG-parse_opt-('mq_Unknown in detected_mq.py arguments:', ['--set_time', '17'])
07/11 17:10:32-root-DEBUG-parse_opt-('Unknown in my_detect.py arguments:', ['--set_time', '17'])
07/11 17:10:33-root-INFO-send-数据已成功写入数据库
07/11 17:10:33-root-INFO-main-mq_线程休眠
07/11 17:10:43-root-INFO-main-mq_线程运行
07/11 17:10:43-root-DEBUG-parse_opt-('mq_Unknown in detected_mq.py arguments:', ['--set_time', '17'])
07/11 17:10:43-root-DEBUG-parse_opt-('Unknown in my_detect.py arguments:', ['--set_time', '17'])
07/11 17:10:44-root-INFO-send-数据已成功写入数据库
07/11 17:10:44-root-INFO-main-mq_线程休眠
07/11 17:10:54-root-INFO-main-mq_线程运行
07/11 17:10:54-root-DEBUG-parse_opt-('mq_Unknown in detected_mq.py arguments:', ['--set_time', '17'])
07/11 17:10:54-root-DEBUG-parse_opt-('Unknown in my_detect.py arguments:', ['--set_time', '17'])
07/11 17:10:55-root-INFO-send-数据已成功写入数据库
07/11 17:10:55-root-INFO-main-mq_线程休眠
